2023-09-11 20:21:42,175 - mehdi.shojaee@vancosys.com - ERROR - Error clicking security info link: Message: 
Stacktrace:
#0 0x56477bb47ad3 <unknown>
#1 0x56477b8a7568 <unknown>
#2 0x56477b8ddc46 <unknown>
#3 0x56477b8dde01 <unknown>
#4 0x56477b910a64 <unknown>
#5 0x56477b8fb61d <unknown>
#6 0x56477b90e824 <unknown>
#7 0x56477b8fb4e3 <unknown>
#8 0x56477b8d0d1a <unknown>
#9 0x56477b8d1e75 <unknown>
#10 0x56477bb75efd <unknown>
#11 0x56477bb8f19b <unknown>
#12 0x56477bb77c65 <unknown>
#13 0x56477bb8fec8 <unknown>
#14 0x56477bb6b360 <unknown>
#15 0x56477bbaba68 <unknown>
#16 0x56477bbabbe8 <unknown>
#17 0x56477bbc57fd <unknown>
#18 0x7f7642f78609 <unknown>

2023-09-11 20:21:42,175 - mehdi.shojaee@vancosys.com - ERROR - Error registering security key for mehdi.shojaee@vancosys.com: Message: 
Stacktrace:
#0 0x56477bb47ad3 <unknown>
#1 0x56477b8a7568 <unknown>
#2 0x56477b8ddc46 <unknown>
#3 0x56477b8dde01 <unknown>
#4 0x56477b910a64 <unknown>
#5 0x56477b8fb61d <unknown>
#6 0x56477b90e824 <unknown>
#7 0x56477b8fb4e3 <unknown>
#8 0x56477b8d0d1a <unknown>
#9 0x56477b8d1e75 <unknown>
#10 0x56477bb75efd <unknown>
#11 0x56477bb8f19b <unknown>
#12 0x56477bb77c65 <unknown>
#13 0x56477bb8fec8 <unknown>
#14 0x56477bb6b360 <unknown>
#15 0x56477bbaba68 <unknown>
#16 0x56477bbabbe8 <unknown>
#17 0x56477bbc57fd <unknown>
#18 0x7f7642f78609 <unknown>

2023-09-11 20:28:10,302 - mehdi.shojaee@vancosys.com - ERROR - Error registering security key for mehdi.shojaee@vancosys.com: 'MicrosoftSignIn' object has no attribute 'click_sign_in'
2023-09-11 20:46:12,767 - mehdi.shojaee@vancosys.com - ERROR - Error registering security key for mehdi.shojaee@vancosys.com: Message: 

2023-09-11 20:51:13,290 - mehdi.shojaee@vancosys.com - ERROR - Error clicking 'Add sign-in method' link: Message: 
Stacktrace:
#0 0x5639661bbad3 <unknown>
#1 0x563965f1b568 <unknown>
#2 0x563965f51c46 <unknown>
#3 0x563965f51e01 <unknown>
#4 0x563965f84a64 <unknown>
#5 0x563965f6f61d <unknown>
#6 0x563965f82824 <unknown>
#7 0x563965f6f4e3 <unknown>
#8 0x563965f44d1a <unknown>
#9 0x563965f45e75 <unknown>
#10 0x5639661e9efd <unknown>
#11 0x56396620319b <unknown>
#12 0x5639661ebc65 <unknown>
#13 0x563966203ec8 <unknown>
#14 0x5639661df360 <unknown>
#15 0x56396621fa68 <unknown>
#16 0x56396621fbe8 <unknown>
#17 0x5639662397fd <unknown>
#18 0x7f949977a609 <unknown>

2023-09-11 20:51:13,298 - mehdi.shojaee@vancosys.com - ERROR - Error registering security key for mehdi.shojaee@vancosys.com: Message: 
Stacktrace:
#0 0x5639661bbad3 <unknown>
#1 0x563965f1b568 <unknown>
#2 0x563965f51c46 <unknown>
#3 0x563965f51e01 <unknown>
#4 0x563965f84a64 <unknown>
#5 0x563965f6f61d <unknown>
#6 0x563965f82824 <unknown>
#7 0x563965f6f4e3 <unknown>
#8 0x563965f44d1a <unknown>
#9 0x563965f45e75 <unknown>
#10 0x5639661e9efd <unknown>
#11 0x56396620319b <unknown>
#12 0x5639661ebc65 <unknown>
#13 0x563966203ec8 <unknown>
#14 0x5639661df360 <unknown>
#15 0x56396621fa68 <unknown>
#16 0x56396621fbe8 <unknown>
#17 0x5639662397fd <unknown>
#18 0x7f949977a609 <unknown>

2023-09-11 21:17:14,821 - mehdi.shojaee@vancosys.com - ERROR - Error clicking 'Add sign-in method' link: Message: 
Stacktrace:
#0 0x55a595760ad3 <unknown>
#1 0x55a5954c0568 <unknown>
#2 0x55a5954f6c46 <unknown>
#3 0x55a5954f6e01 <unknown>
#4 0x55a595529a64 <unknown>
#5 0x55a59551461d <unknown>
#6 0x55a595527824 <unknown>
#7 0x55a5955144e3 <unknown>
#8 0x55a5954e9d1a <unknown>
#9 0x55a5954eae75 <unknown>
#10 0x55a59578eefd <unknown>
#11 0x55a5957a819b <unknown>
#12 0x55a595790c65 <unknown>
#13 0x55a5957a8ec8 <unknown>
#14 0x55a595784360 <unknown>
#15 0x55a5957c4a68 <unknown>
#16 0x55a5957c4be8 <unknown>
#17 0x55a5957de7fd <unknown>
#18 0x7fc208d35609 <unknown>

2023-09-11 21:17:14,822 - mehdi.shojaee@vancosys.com - ERROR - Error registering security key for mehdi.shojaee@vancosys.com: Message: 
Stacktrace:
#0 0x55a595760ad3 <unknown>
#1 0x55a5954c0568 <unknown>
#2 0x55a5954f6c46 <unknown>
#3 0x55a5954f6e01 <unknown>
#4 0x55a595529a64 <unknown>
#5 0x55a59551461d <unknown>
#6 0x55a595527824 <unknown>
#7 0x55a5955144e3 <unknown>
#8 0x55a5954e9d1a <unknown>
#9 0x55a5954eae75 <unknown>
#10 0x55a59578eefd <unknown>
#11 0x55a5957a819b <unknown>
#12 0x55a595790c65 <unknown>
#13 0x55a5957a8ec8 <unknown>
#14 0x55a595784360 <unknown>
#15 0x55a5957c4a68 <unknown>
#16 0x55a5957c4be8 <unknown>
#17 0x55a5957de7fd <unknown>
#18 0x7fc208d35609 <unknown>

2023-09-11 21:43:33,364 - mehdi.shojaee@vancosys.com - ERROR - Error clicking 'Add sign-in method' link: Message: 
Stacktrace:
#0 0x5640834c9ad3 <unknown>
#1 0x564083229568 <unknown>
#2 0x56408325fc46 <unknown>
#3 0x56408325fe01 <unknown>
#4 0x564083292a64 <unknown>
#5 0x56408327d61d <unknown>
#6 0x564083290824 <unknown>
#7 0x56408327d4e3 <unknown>
#8 0x564083252d1a <unknown>
#9 0x564083253e75 <unknown>
#10 0x5640834f7efd <unknown>
#11 0x56408351119b <unknown>
#12 0x5640834f9c65 <unknown>
#13 0x564083511ec8 <unknown>
#14 0x5640834ed360 <unknown>
#15 0x56408352da68 <unknown>
#16 0x56408352dbe8 <unknown>
#17 0x5640835477fd <unknown>
#18 0x7f7e81503609 <unknown>

2023-09-11 21:43:33,364 - mehdi.shojaee@vancosys.com - ERROR - Error registering security key for mehdi.shojaee@vancosys.com: Message: 
Stacktrace:
#0 0x5640834c9ad3 <unknown>
#1 0x564083229568 <unknown>
#2 0x56408325fc46 <unknown>
#3 0x56408325fe01 <unknown>
#4 0x564083292a64 <unknown>
#5 0x56408327d61d <unknown>
#6 0x564083290824 <unknown>
#7 0x56408327d4e3 <unknown>
#8 0x564083252d1a <unknown>
#9 0x564083253e75 <unknown>
#10 0x5640834f7efd <unknown>
#11 0x56408351119b <unknown>
#12 0x5640834f9c65 <unknown>
#13 0x564083511ec8 <unknown>
#14 0x5640834ed360 <unknown>
#15 0x56408352da68 <unknown>
#16 0x56408352dbe8 <unknown>
#17 0x5640835477fd <unknown>
#18 0x7f7e81503609 <unknown>

2023-09-11 21:53:24,854 - mehdi.shojaee@vancosys.com - ERROR - Error clicking 'Add sign-in method' link: Message: 
Stacktrace:
#0 0x555b7fcfaad3 <unknown>
#1 0x555b7fa5a568 <unknown>
#2 0x555b7fa90c46 <unknown>
#3 0x555b7fa90e01 <unknown>
#4 0x555b7fac3a64 <unknown>
#5 0x555b7faae61d <unknown>
#6 0x555b7fac1824 <unknown>
#7 0x555b7faae4e3 <unknown>
#8 0x555b7fa83d1a <unknown>
#9 0x555b7fa84e75 <unknown>
#10 0x555b7fd28efd <unknown>
#11 0x555b7fd4219b <unknown>
#12 0x555b7fd2ac65 <unknown>
#13 0x555b7fd42ec8 <unknown>
#14 0x555b7fd1e360 <unknown>
#15 0x555b7fd5ea68 <unknown>
#16 0x555b7fd5ebe8 <unknown>
#17 0x555b7fd787fd <unknown>
#18 0x7f84ddafe609 <unknown>

2023-09-11 21:53:24,855 - mehdi.shojaee@vancosys.com - ERROR - Error registering security key for mehdi.shojaee@vancosys.com: Message: 
Stacktrace:
#0 0x555b7fcfaad3 <unknown>
#1 0x555b7fa5a568 <unknown>
#2 0x555b7fa90c46 <unknown>
#3 0x555b7fa90e01 <unknown>
#4 0x555b7fac3a64 <unknown>
#5 0x555b7faae61d <unknown>
#6 0x555b7fac1824 <unknown>
#7 0x555b7faae4e3 <unknown>
#8 0x555b7fa83d1a <unknown>
#9 0x555b7fa84e75 <unknown>
#10 0x555b7fd28efd <unknown>
#11 0x555b7fd4219b <unknown>
#12 0x555b7fd2ac65 <unknown>
#13 0x555b7fd42ec8 <unknown>
#14 0x555b7fd1e360 <unknown>
#15 0x555b7fd5ea68 <unknown>
#16 0x555b7fd5ebe8 <unknown>
#17 0x555b7fd787fd <unknown>
#18 0x7f84ddafe609 <unknown>

2023-09-11 21:55:41,225 - mehdi.shojaee@vancosys.com - ERROR - Error clicking 'Add sign-in method' link: Message: 
Stacktrace:
#0 0x564a4b773ad3 <unknown>
#1 0x564a4b4d3568 <unknown>
#2 0x564a4b509c46 <unknown>
#3 0x564a4b509e01 <unknown>
#4 0x564a4b53ca64 <unknown>
#5 0x564a4b52761d <unknown>
#6 0x564a4b53a824 <unknown>
#7 0x564a4b5274e3 <unknown>
#8 0x564a4b4fcd1a <unknown>
#9 0x564a4b4fde75 <unknown>
#10 0x564a4b7a1efd <unknown>
#11 0x564a4b7bb19b <unknown>
#12 0x564a4b7a3c65 <unknown>
#13 0x564a4b7bbec8 <unknown>
#14 0x564a4b797360 <unknown>
#15 0x564a4b7d7a68 <unknown>
#16 0x564a4b7d7be8 <unknown>
#17 0x564a4b7f17fd <unknown>
#18 0x7fde06282609 <unknown>

2023-09-11 21:55:41,225 - mehdi.shojaee@vancosys.com - ERROR - Error registering security key for mehdi.shojaee@vancosys.com: Message: 
Stacktrace:
#0 0x564a4b773ad3 <unknown>
#1 0x564a4b4d3568 <unknown>
#2 0x564a4b509c46 <unknown>
#3 0x564a4b509e01 <unknown>
#4 0x564a4b53ca64 <unknown>
#5 0x564a4b52761d <unknown>
#6 0x564a4b53a824 <unknown>
#7 0x564a4b5274e3 <unknown>
#8 0x564a4b4fcd1a <unknown>
#9 0x564a4b4fde75 <unknown>
#10 0x564a4b7a1efd <unknown>
#11 0x564a4b7bb19b <unknown>
#12 0x564a4b7a3c65 <unknown>
#13 0x564a4b7bbec8 <unknown>
#14 0x564a4b797360 <unknown>
#15 0x564a4b7d7a68 <unknown>
#16 0x564a4b7d7be8 <unknown>
#17 0x564a4b7f17fd <unknown>
#18 0x7fde06282609 <unknown>

2023-09-11 22:00:32,531 - mehdi.shojaee@vancosys.com - ERROR - Error filling email: Message: 
Stacktrace:
#0 0x560dc7acdad3 <unknown>
#1 0x560dc782d568 <unknown>
#2 0x560dc7863c46 <unknown>
#3 0x560dc7863e01 <unknown>
#4 0x560dc7896a64 <unknown>
#5 0x560dc788161d <unknown>
#6 0x560dc7894824 <unknown>
#7 0x560dc78814e3 <unknown>
#8 0x560dc7856d1a <unknown>
#9 0x560dc7857e75 <unknown>
#10 0x560dc7afbefd <unknown>
#11 0x560dc7b1519b <unknown>
#12 0x560dc7afdc65 <unknown>
#13 0x560dc7b15ec8 <unknown>
#14 0x560dc7af1360 <unknown>
#15 0x560dc7b31a68 <unknown>
#16 0x560dc7b31be8 <unknown>
#17 0x560dc7b4b7fd <unknown>
#18 0x7f730593d609 <unknown>

2023-09-11 22:00:32,531 - mehdi.shojaee@vancosys.com - ERROR - Error registering security key for mehdi.shojaee@vancosys.com: Message: 
Stacktrace:
#0 0x560dc7acdad3 <unknown>
#1 0x560dc782d568 <unknown>
#2 0x560dc7863c46 <unknown>
#3 0x560dc7863e01 <unknown>
#4 0x560dc7896a64 <unknown>
#5 0x560dc788161d <unknown>
#6 0x560dc7894824 <unknown>
#7 0x560dc78814e3 <unknown>
#8 0x560dc7856d1a <unknown>
#9 0x560dc7857e75 <unknown>
#10 0x560dc7afbefd <unknown>
#11 0x560dc7b1519b <unknown>
#12 0x560dc7afdc65 <unknown>
#13 0x560dc7b15ec8 <unknown>
#14 0x560dc7af1360 <unknown>
#15 0x560dc7b31a68 <unknown>
#16 0x560dc7b31be8 <unknown>
#17 0x560dc7b4b7fd <unknown>
#18 0x7f730593d609 <unknown>

2023-09-11 22:07:54,561 - mehdi.shojaee@vancosys.com - ERROR - Error clicking 'Add sign-in method' link: Message: 
Stacktrace:
#0 0x5577eb1e8ad3 <unknown>
#1 0x5577eaf48568 <unknown>
#2 0x5577eaf7ec46 <unknown>
#3 0x5577eaf7ee01 <unknown>
#4 0x5577eafb1a64 <unknown>
#5 0x5577eaf9c61d <unknown>
#6 0x5577eafaf824 <unknown>
#7 0x5577eaf9c4e3 <unknown>
#8 0x5577eaf71d1a <unknown>
#9 0x5577eaf72e75 <unknown>
#10 0x5577eb216efd <unknown>
#11 0x5577eb23019b <unknown>
#12 0x5577eb218c65 <unknown>
#13 0x5577eb230ec8 <unknown>
#14 0x5577eb20c360 <unknown>
#15 0x5577eb24ca68 <unknown>
#16 0x5577eb24cbe8 <unknown>
#17 0x5577eb2667fd <unknown>
#18 0x7f9319f46609 <unknown>

2023-09-11 22:07:54,561 - mehdi.shojaee@vancosys.com - ERROR - Error registering security key for mehdi.shojaee@vancosys.com: Message: 
Stacktrace:
#0 0x5577eb1e8ad3 <unknown>
#1 0x5577eaf48568 <unknown>
#2 0x5577eaf7ec46 <unknown>
#3 0x5577eaf7ee01 <unknown>
#4 0x5577eafb1a64 <unknown>
#5 0x5577eaf9c61d <unknown>
#6 0x5577eafaf824 <unknown>
#7 0x5577eaf9c4e3 <unknown>
#8 0x5577eaf71d1a <unknown>
#9 0x5577eaf72e75 <unknown>
#10 0x5577eb216efd <unknown>
#11 0x5577eb23019b <unknown>
#12 0x5577eb218c65 <unknown>
#13 0x5577eb230ec8 <unknown>
#14 0x5577eb20c360 <unknown>
#15 0x5577eb24ca68 <unknown>
#16 0x5577eb24cbe8 <unknown>
#17 0x5577eb2667fd <unknown>
#18 0x7f9319f46609 <unknown>

2023-09-11 22:13:32,382 - mehdi.shojaee@vancosys.com - ERROR - Error registering security key for mehdi.shojaee@vancosys.com: Message: no such window: target window already closed
from unknown error: web view not found
  (Session info: chrome=100.0.4896.127)
Stacktrace:
#0 0x55b99fa0fad3 <unknown>
#1 0x55b99f76f568 <unknown>
#2 0x55b99f74f6ac <unknown>
#3 0x55b99f7c6bab <unknown>
#4 0x55b99f7d5e55 <unknown>
#5 0x55b99f7c34e3 <unknown>
#6 0x55b99f798d1a <unknown>
#7 0x55b99f799e75 <unknown>
#8 0x55b99fa3defd <unknown>
#9 0x55b99fa5719b <unknown>
#10 0x55b99fa3fc65 <unknown>
#11 0x55b99fa57ec8 <unknown>
#12 0x55b99fa33360 <unknown>
#13 0x55b99fa73a68 <unknown>
#14 0x55b99fa73be8 <unknown>
#15 0x55b99fa8d7fd <unknown>
#16 0x7fb95d971609 <unknown>

2023-09-11 22:13:32,389 - mehdi.shojaee@vancosys.com - ERROR - Error capturing screenshot: Message: no such window: target window already closed
from unknown error: web view not found
  (Session info: chrome=100.0.4896.127)
Stacktrace:
#0 0x55b99fa0fad3 <unknown>
#1 0x55b99f76f568 <unknown>
#2 0x55b99f74f6ac <unknown>
#3 0x55b99f7c6bab <unknown>
#4 0x55b99f7d5e55 <unknown>
#5 0x55b99f7c34e3 <unknown>
#6 0x55b99f798d1a <unknown>
#7 0x55b99f799e75 <unknown>
#8 0x55b99fa3defd <unknown>
#9 0x55b99fa5719b <unknown>
#10 0x55b99fa3fc65 <unknown>
#11 0x55b99fa57ec8 <unknown>
#12 0x55b99fa33360 <unknown>
#13 0x55b99fa73a68 <unknown>
#14 0x55b99fa73be8 <unknown>
#15 0x55b99fa8d7fd <unknown>
#16 0x7fb95d971609 <unknown>

2023-09-11 22:14:58,843 - mehdi.shojaee@vancosys.com - ERROR - Error registering security key for mehdi.shojaee@vancosys.com: Message: no such window: target window already closed
from unknown error: web view not found
  (Session info: chrome=100.0.4896.127)
Stacktrace:
#0 0x555e45b1cad3 <unknown>
#1 0x555e4587c568 <unknown>
#2 0x555e4585c6ac <unknown>
#3 0x555e458d3bab <unknown>
#4 0x555e458e2e55 <unknown>
#5 0x555e458d04e3 <unknown>
#6 0x555e458a5d1a <unknown>
#7 0x555e458a6e75 <unknown>
#8 0x555e45b4aefd <unknown>
#9 0x555e45b6419b <unknown>
#10 0x555e45b4cc65 <unknown>
#11 0x555e45b64ec8 <unknown>
#12 0x555e45b40360 <unknown>
#13 0x555e45b80a68 <unknown>
#14 0x555e45b80be8 <unknown>
#15 0x555e45b9a7fd <unknown>
#16 0x7f19796f7609 <unknown>

2023-09-11 22:14:58,849 - mehdi.shojaee@vancosys.com - ERROR - Error capturing screenshot: Message: no such window: target window already closed
from unknown error: web view not found
  (Session info: chrome=100.0.4896.127)
Stacktrace:
#0 0x555e45b1cad3 <unknown>
#1 0x555e4587c568 <unknown>
#2 0x555e4585c6ac <unknown>
#3 0x555e458d3bab <unknown>
#4 0x555e458e2e55 <unknown>
#5 0x555e458d04e3 <unknown>
#6 0x555e458a5d1a <unknown>
#7 0x555e458a6e75 <unknown>
#8 0x555e45b4aefd <unknown>
#9 0x555e45b6419b <unknown>
#10 0x555e45b4cc65 <unknown>
#11 0x555e45b64ec8 <unknown>
#12 0x555e45b40360 <unknown>
#13 0x555e45b80a68 <unknown>
#14 0x555e45b80be8 <unknown>
#15 0x555e45b9a7fd <unknown>
#16 0x7f19796f7609 <unknown>

2023-09-11 22:17:13,489 - mehdi.shojaee@vancosys.com - ERROR - Error filling email: Message: 
Stacktrace:
#0 0x55aa09261ad3 <unknown>
#1 0x55aa08fc1568 <unknown>
#2 0x55aa08ff7c46 <unknown>
#3 0x55aa08ff7e01 <unknown>
#4 0x55aa0902aa64 <unknown>
#5 0x55aa0901561d <unknown>
#6 0x55aa09028824 <unknown>
#7 0x55aa090154e3 <unknown>
#8 0x55aa08fead1a <unknown>
#9 0x55aa08febe75 <unknown>
#10 0x55aa0928fefd <unknown>
#11 0x55aa092a919b <unknown>
#12 0x55aa09291c65 <unknown>
#13 0x55aa092a9ec8 <unknown>
#14 0x55aa09285360 <unknown>
#15 0x55aa092c5a68 <unknown>
#16 0x55aa092c5be8 <unknown>
#17 0x55aa092df7fd <unknown>
#18 0x7f7c74d46609 <unknown>

2023-09-11 22:17:13,490 - mehdi.shojaee@vancosys.com - ERROR - Error registering security key for mehdi.shojaee@vancosys.com: Message: 
Stacktrace:
#0 0x55aa09261ad3 <unknown>
#1 0x55aa08fc1568 <unknown>
#2 0x55aa08ff7c46 <unknown>
#3 0x55aa08ff7e01 <unknown>
#4 0x55aa0902aa64 <unknown>
#5 0x55aa0901561d <unknown>
#6 0x55aa09028824 <unknown>
#7 0x55aa090154e3 <unknown>
#8 0x55aa08fead1a <unknown>
#9 0x55aa08febe75 <unknown>
#10 0x55aa0928fefd <unknown>
#11 0x55aa092a919b <unknown>
#12 0x55aa09291c65 <unknown>
#13 0x55aa092a9ec8 <unknown>
#14 0x55aa09285360 <unknown>
#15 0x55aa092c5a68 <unknown>
#16 0x55aa092c5be8 <unknown>
#17 0x55aa092df7fd <unknown>
#18 0x7f7c74d46609 <unknown>

2023-09-11 22:39:00,048 - mehdi.shojaee@vancosys.com - ERROR - Error registering security key for mehdi.shojaee@vancosys.com: Message: unknown error: net::ERR_INTERNET_DISCONNECTED
  (Session info: chrome=100.0.4896.127)
Stacktrace:
#0 0x556ec74cead3 <unknown>
#1 0x556ec722e568 <unknown>
#2 0x556ec7228555 <unknown>
#3 0x556ec7219f76 <unknown>
#4 0x556ec721ae8d <unknown>
#5 0x556ec721a242 <unknown>
#6 0x556ec72196f5 <unknown>
#7 0x556ec72183ef <unknown>
#8 0x556ec7218822 <unknown>
#9 0x556ec723002a <unknown>
#10 0x556ec7295f7f <unknown>
#11 0x556ec72825f2 <unknown>
#12 0x556ec7295824 <unknown>
#13 0x556ec72824e3 <unknown>
#14 0x556ec7257d1a <unknown>
#15 0x556ec7258e75 <unknown>
#16 0x556ec74fcefd <unknown>
#17 0x556ec751619b <unknown>
#18 0x556ec74fec65 <unknown>
#19 0x556ec7516ec8 <unknown>
#20 0x556ec74f2360 <unknown>
#21 0x556ec7532a68 <unknown>
#22 0x556ec7532be8 <unknown>
#23 0x556ec754c7fd <unknown>
#24 0x7f694614a609 <unknown>

2023-09-11 22:41:06,924 - mehdi.shojaee@vancosys.com - ERROR - Error registering security key for mehdi.shojaee@vancosys.com: Message: 

2023-09-11 22:43:19,266 - mehdi.shojaee@vancosys.com - ERROR - Error clicking 'Add sign-in method' link: Message: 
Stacktrace:
#0 0x55e42151cad3 <unknown>
#1 0x55e42127c568 <unknown>
#2 0x55e4212b2c46 <unknown>
#3 0x55e4212b2e01 <unknown>
#4 0x55e4212e5a64 <unknown>
#5 0x55e4212d061d <unknown>
#6 0x55e4212e3824 <unknown>
#7 0x55e4212d04e3 <unknown>
#8 0x55e4212a5d1a <unknown>
#9 0x55e4212a6e75 <unknown>
#10 0x55e42154aefd <unknown>
#11 0x55e42156419b <unknown>
#12 0x55e42154cc65 <unknown>
#13 0x55e421564ec8 <unknown>
#14 0x55e421540360 <unknown>
#15 0x55e421580a68 <unknown>
#16 0x55e421580be8 <unknown>
#17 0x55e42159a7fd <unknown>
#18 0x7f5343ede609 <unknown>

2023-09-11 22:43:19,266 - mehdi.shojaee@vancosys.com - ERROR - Error registering security key for mehdi.shojaee@vancosys.com: Message: 
Stacktrace:
#0 0x55e42151cad3 <unknown>
#1 0x55e42127c568 <unknown>
#2 0x55e4212b2c46 <unknown>
#3 0x55e4212b2e01 <unknown>
#4 0x55e4212e5a64 <unknown>
#5 0x55e4212d061d <unknown>
#6 0x55e4212e3824 <unknown>
#7 0x55e4212d04e3 <unknown>
#8 0x55e4212a5d1a <unknown>
#9 0x55e4212a6e75 <unknown>
#10 0x55e42154aefd <unknown>
#11 0x55e42156419b <unknown>
#12 0x55e42154cc65 <unknown>
#13 0x55e421564ec8 <unknown>
#14 0x55e421540360 <unknown>
#15 0x55e421580a68 <unknown>
#16 0x55e421580be8 <unknown>
#17 0x55e42159a7fd <unknown>
#18 0x7f5343ede609 <unknown>

2023-09-11 22:46:20,647 - mehdi.shojaee@vancosys.com - ERROR - Error registering security key for mehdi.shojaee@vancosys.com: Message: chrome not reachable
  (Session info: chrome=100.0.4896.127)
Stacktrace:
#0 0x55fd197e4ad3 <unknown>
#1 0x55fd195443ff <unknown>
#2 0x55fd19532b94 <unknown>
#3 0x55fd19533c8e <unknown>
#4 0x55fd19535302 <unknown>
#5 0x55fd1952d6f6 <unknown>
#6 0x55fd19545972 <unknown>
#7 0x55fd195aaea1 <unknown>
#8 0x55fd195984e3 <unknown>
#9 0x55fd1956dd1a <unknown>
#10 0x55fd1956ee75 <unknown>
#11 0x55fd19812efd <unknown>
#12 0x55fd1982c19b <unknown>
#13 0x55fd19814c65 <unknown>
#14 0x55fd1982cec8 <unknown>
#15 0x55fd19808360 <unknown>
#16 0x55fd19848a68 <unknown>
#17 0x55fd19848be8 <unknown>
#18 0x55fd198627fd <unknown>
#19 0x7f0f5f6af609 <unknown>

2023-09-11 22:46:20,656 - mehdi.shojaee@vancosys.com - ERROR - Error capturing screenshot: Message: chrome not reachable
  (Session info: chrome=100.0.4896.127)
Stacktrace:
#0 0x55fd197e4ad3 <unknown>
#1 0x55fd195443ff <unknown>
#2 0x55fd19532b94 <unknown>
#3 0x55fd195335a9 <unknown>
#4 0x55fd19535302 <unknown>
#5 0x55fd1952d6f6 <unknown>
#6 0x55fd19545972 <unknown>
#7 0x55fd195aaea1 <unknown>
#8 0x55fd195984e3 <unknown>
#9 0x55fd1956dd1a <unknown>
#10 0x55fd1956ee75 <unknown>
#11 0x55fd19812efd <unknown>
#12 0x55fd1982c19b <unknown>
#13 0x55fd19814c65 <unknown>
#14 0x55fd1982cec8 <unknown>
#15 0x55fd19808360 <unknown>
#16 0x55fd19848a68 <unknown>
#17 0x55fd19848be8 <unknown>
#18 0x55fd198627fd <unknown>
#19 0x7f0f5f6af609 <unknown>

2023-09-11 22:48:16,038 - mehdi.shojaee@vancosys.com - ERROR - Error clicking 'Add sign-in method' link: Message: 
Stacktrace:
#0 0x56153ff25ad3 <unknown>
#1 0x56153fc85568 <unknown>
#2 0x56153fcbbc46 <unknown>
#3 0x56153fcbbe01 <unknown>
#4 0x56153fceea64 <unknown>
#5 0x56153fcd961d <unknown>
#6 0x56153fcec824 <unknown>
#7 0x56153fcd94e3 <unknown>
#8 0x56153fcaed1a <unknown>
#9 0x56153fcafe75 <unknown>
#10 0x56153ff53efd <unknown>
#11 0x56153ff6d19b <unknown>
#12 0x56153ff55c65 <unknown>
#13 0x56153ff6dec8 <unknown>
#14 0x56153ff49360 <unknown>
#15 0x56153ff89a68 <unknown>
#16 0x56153ff89be8 <unknown>
#17 0x56153ffa37fd <unknown>
#18 0x7fb81cd26609 <unknown>

2023-09-11 22:48:16,039 - mehdi.shojaee@vancosys.com - ERROR - Error registering security key for mehdi.shojaee@vancosys.com: Message: 
Stacktrace:
#0 0x56153ff25ad3 <unknown>
#1 0x56153fc85568 <unknown>
#2 0x56153fcbbc46 <unknown>
#3 0x56153fcbbe01 <unknown>
#4 0x56153fceea64 <unknown>
#5 0x56153fcd961d <unknown>
#6 0x56153fcec824 <unknown>
#7 0x56153fcd94e3 <unknown>
#8 0x56153fcaed1a <unknown>
#9 0x56153fcafe75 <unknown>
#10 0x56153ff53efd <unknown>
#11 0x56153ff6d19b <unknown>
#12 0x56153ff55c65 <unknown>
#13 0x56153ff6dec8 <unknown>
#14 0x56153ff49360 <unknown>
#15 0x56153ff89a68 <unknown>
#16 0x56153ff89be8 <unknown>
#17 0x56153ffa37fd <unknown>
#18 0x7fb81cd26609 <unknown>

2023-09-11 22:53:29,576 - mehdi.shojaee@vancosys.com - ERROR - Error clicking 'Add sign-in method' button: Message: 
Stacktrace:
#0 0x5618402d3ad3 <unknown>
#1 0x561840033568 <unknown>
#2 0x561840069c46 <unknown>
#3 0x561840069e01 <unknown>
#4 0x56184009ca64 <unknown>
#5 0x56184008761d <unknown>
#6 0x56184009a824 <unknown>
#7 0x5618400874e3 <unknown>
#8 0x56184005cd1a <unknown>
#9 0x56184005de75 <unknown>
#10 0x561840301efd <unknown>
#11 0x56184031b19b <unknown>
#12 0x561840303c65 <unknown>
#13 0x56184031bec8 <unknown>
#14 0x5618402f7360 <unknown>
#15 0x561840337a68 <unknown>
#16 0x561840337be8 <unknown>
#17 0x5618403517fd <unknown>
#18 0x7f3771ed6609 <unknown>

2023-09-11 22:53:29,577 - mehdi.shojaee@vancosys.com - ERROR - Error registering security key for mehdi.shojaee@vancosys.com: Message: 
Stacktrace:
#0 0x5618402d3ad3 <unknown>
#1 0x561840033568 <unknown>
#2 0x561840069c46 <unknown>
#3 0x561840069e01 <unknown>
#4 0x56184009ca64 <unknown>
#5 0x56184008761d <unknown>
#6 0x56184009a824 <unknown>
#7 0x5618400874e3 <unknown>
#8 0x56184005cd1a <unknown>
#9 0x56184005de75 <unknown>
#10 0x561840301efd <unknown>
#11 0x56184031b19b <unknown>
#12 0x561840303c65 <unknown>
#13 0x56184031bec8 <unknown>
#14 0x5618402f7360 <unknown>
#15 0x561840337a68 <unknown>
#16 0x561840337be8 <unknown>
#17 0x5618403517fd <unknown>
#18 0x7f3771ed6609 <unknown>

2023-09-11 22:56:00,134 - mehdi.shojaee@vancosys.com - ERROR - Error clicking 'Add sign-in method' button: Message: 
Stacktrace:
#0 0x557a7a21cad3 <unknown>
#1 0x557a79f7c568 <unknown>
#2 0x557a79fb2c46 <unknown>
#3 0x557a79fb2e01 <unknown>
#4 0x557a79fe5a64 <unknown>
#5 0x557a79fd061d <unknown>
#6 0x557a79fe3824 <unknown>
#7 0x557a79fd04e3 <unknown>
#8 0x557a79fa5d1a <unknown>
#9 0x557a79fa6e75 <unknown>
#10 0x557a7a24aefd <unknown>
#11 0x557a7a26419b <unknown>
#12 0x557a7a24cc65 <unknown>
#13 0x557a7a264ec8 <unknown>
#14 0x557a7a240360 <unknown>
#15 0x557a7a280a68 <unknown>
#16 0x557a7a280be8 <unknown>
#17 0x557a7a29a7fd <unknown>
#18 0x7f71ed2f6609 <unknown>

2023-09-11 22:56:00,135 - mehdi.shojaee@vancosys.com - ERROR - Error registering security key for mehdi.shojaee@vancosys.com: Message: 
Stacktrace:
#0 0x557a7a21cad3 <unknown>
#1 0x557a79f7c568 <unknown>
#2 0x557a79fb2c46 <unknown>
#3 0x557a79fb2e01 <unknown>
#4 0x557a79fe5a64 <unknown>
#5 0x557a79fd061d <unknown>
#6 0x557a79fe3824 <unknown>
#7 0x557a79fd04e3 <unknown>
#8 0x557a79fa5d1a <unknown>
#9 0x557a79fa6e75 <unknown>
#10 0x557a7a24aefd <unknown>
#11 0x557a7a26419b <unknown>
#12 0x557a7a24cc65 <unknown>
#13 0x557a7a264ec8 <unknown>
#14 0x557a7a240360 <unknown>
#15 0x557a7a280a68 <unknown>
#16 0x557a7a280be8 <unknown>
#17 0x557a7a29a7fd <unknown>
#18 0x7f71ed2f6609 <unknown>

2023-09-11 23:01:45,218 - mehdi.shojaee@vancosys.com - ERROR - Error clicking 'Add sign-in method' button: Message: 
Stacktrace:
#0 0x5576f9ecaad3 <unknown>
#1 0x5576f9c2a568 <unknown>
#2 0x5576f9c60c46 <unknown>
#3 0x5576f9c60e01 <unknown>
#4 0x5576f9c93a64 <unknown>
#5 0x5576f9c7e61d <unknown>
#6 0x5576f9c91824 <unknown>
#7 0x5576f9c7e4e3 <unknown>
#8 0x5576f9c53d1a <unknown>
#9 0x5576f9c54e75 <unknown>
#10 0x5576f9ef8efd <unknown>
#11 0x5576f9f1219b <unknown>
#12 0x5576f9efac65 <unknown>
#13 0x5576f9f12ec8 <unknown>
#14 0x5576f9eee360 <unknown>
#15 0x5576f9f2ea68 <unknown>
#16 0x5576f9f2ebe8 <unknown>
#17 0x5576f9f487fd <unknown>
#18 0x7f8fe0e57609 <unknown>

2023-09-11 23:01:45,218 - mehdi.shojaee@vancosys.com - ERROR - Error registering security key for mehdi.shojaee@vancosys.com: Message: 
Stacktrace:
#0 0x5576f9ecaad3 <unknown>
#1 0x5576f9c2a568 <unknown>
#2 0x5576f9c60c46 <unknown>
#3 0x5576f9c60e01 <unknown>
#4 0x5576f9c93a64 <unknown>
#5 0x5576f9c7e61d <unknown>
#6 0x5576f9c91824 <unknown>
#7 0x5576f9c7e4e3 <unknown>
#8 0x5576f9c53d1a <unknown>
#9 0x5576f9c54e75 <unknown>
#10 0x5576f9ef8efd <unknown>
#11 0x5576f9f1219b <unknown>
#12 0x5576f9efac65 <unknown>
#13 0x5576f9f12ec8 <unknown>
#14 0x5576f9eee360 <unknown>
#15 0x5576f9f2ea68 <unknown>
#16 0x5576f9f2ebe8 <unknown>
#17 0x5576f9f487fd <unknown>
#18 0x7f8fe0e57609 <unknown>

2023-09-11 23:49:35,061 - mehdi.shojaee@vancosys.com - ERROR - Error clicking 'Add sign-in method' button: Message: 
Stacktrace:
#0 0x558f243f9ad3 <unknown>
#1 0x558f24159568 <unknown>
#2 0x558f2418fc46 <unknown>
#3 0x558f2418fe01 <unknown>
#4 0x558f241c2a64 <unknown>
#5 0x558f241ad61d <unknown>
#6 0x558f241c0824 <unknown>
#7 0x558f241ad4e3 <unknown>
#8 0x558f24182d1a <unknown>
#9 0x558f24183e75 <unknown>
#10 0x558f24427efd <unknown>
#11 0x558f2444119b <unknown>
#12 0x558f24429c65 <unknown>
#13 0x558f24441ec8 <unknown>
#14 0x558f2441d360 <unknown>
#15 0x558f2445da68 <unknown>
#16 0x558f2445dbe8 <unknown>
#17 0x558f244777fd <unknown>
#18 0x7f47ffe9b609 <unknown>

2023-09-11 23:49:35,062 - mehdi.shojaee@vancosys.com - ERROR - Error registering security key for mehdi.shojaee@vancosys.com: Message: 
Stacktrace:
#0 0x558f243f9ad3 <unknown>
#1 0x558f24159568 <unknown>
#2 0x558f2418fc46 <unknown>
#3 0x558f2418fe01 <unknown>
#4 0x558f241c2a64 <unknown>
#5 0x558f241ad61d <unknown>
#6 0x558f241c0824 <unknown>
#7 0x558f241ad4e3 <unknown>
#8 0x558f24182d1a <unknown>
#9 0x558f24183e75 <unknown>
#10 0x558f24427efd <unknown>
#11 0x558f2444119b <unknown>
#12 0x558f24429c65 <unknown>
#13 0x558f24441ec8 <unknown>
#14 0x558f2441d360 <unknown>
#15 0x558f2445da68 <unknown>
#16 0x558f2445dbe8 <unknown>
#17 0x558f244777fd <unknown>
#18 0x7f47ffe9b609 <unknown>

2023-09-11 23:55:51,393 - mehdi.shojaee@vancosys.com - ERROR - Error clicking 'Add sign-in method' button: Message: 
Stacktrace:
#0 0x555a38414ad3 <unknown>
#1 0x555a38174568 <unknown>
#2 0x555a381aac46 <unknown>
#3 0x555a381aae01 <unknown>
#4 0x555a381dda64 <unknown>
#5 0x555a381c861d <unknown>
#6 0x555a381db824 <unknown>
#7 0x555a381c84e3 <unknown>
#8 0x555a3819dd1a <unknown>
#9 0x555a3819ee75 <unknown>
#10 0x555a38442efd <unknown>
#11 0x555a3845c19b <unknown>
#12 0x555a38444c65 <unknown>
#13 0x555a3845cec8 <unknown>
#14 0x555a38438360 <unknown>
#15 0x555a38478a68 <unknown>
#16 0x555a38478be8 <unknown>
#17 0x555a384927fd <unknown>
#18 0x7fc7c7734609 <unknown>

2023-09-11 23:55:51,393 - mehdi.shojaee@vancosys.com - ERROR - Error registering security key for mehdi.shojaee@vancosys.com: Message: 
Stacktrace:
#0 0x555a38414ad3 <unknown>
#1 0x555a38174568 <unknown>
#2 0x555a381aac46 <unknown>
#3 0x555a381aae01 <unknown>
#4 0x555a381dda64 <unknown>
#5 0x555a381c861d <unknown>
#6 0x555a381db824 <unknown>
#7 0x555a381c84e3 <unknown>
#8 0x555a3819dd1a <unknown>
#9 0x555a3819ee75 <unknown>
#10 0x555a38442efd <unknown>
#11 0x555a3845c19b <unknown>
#12 0x555a38444c65 <unknown>
#13 0x555a3845cec8 <unknown>
#14 0x555a38438360 <unknown>
#15 0x555a38478a68 <unknown>
#16 0x555a38478be8 <unknown>
#17 0x555a384927fd <unknown>
#18 0x7fc7c7734609 <unknown>

2023-09-12 00:06:13,590 - mehdi.shojaee@vancosys.com - ERROR - Error selecting 'Security key' from dropdown: Message: 
Stacktrace:
#0 0x563d91f97ad3 <unknown>
#1 0x563d91cf7568 <unknown>
#2 0x563d91d2dc46 <unknown>
#3 0x563d91d2de01 <unknown>
#4 0x563d91d60a64 <unknown>
#5 0x563d91d4b61d <unknown>
#6 0x563d91d5e824 <unknown>
#7 0x563d91d4b4e3 <unknown>
#8 0x563d91d20d1a <unknown>
#9 0x563d91d21e75 <unknown>
#10 0x563d91fc5efd <unknown>
#11 0x563d91fdf19b <unknown>
#12 0x563d91fc7c65 <unknown>
#13 0x563d91fdfec8 <unknown>
#14 0x563d91fbb360 <unknown>
#15 0x563d91ffba68 <unknown>
#16 0x563d91ffbbe8 <unknown>
#17 0x563d920157fd <unknown>
#18 0x7f893cbc6609 <unknown>

2023-09-12 00:06:13,590 - mehdi.shojaee@vancosys.com - ERROR - Error registering security key for mehdi.shojaee@vancosys.com: Message: 
Stacktrace:
#0 0x563d91f97ad3 <unknown>
#1 0x563d91cf7568 <unknown>
#2 0x563d91d2dc46 <unknown>
#3 0x563d91d2de01 <unknown>
#4 0x563d91d60a64 <unknown>
#5 0x563d91d4b61d <unknown>
#6 0x563d91d5e824 <unknown>
#7 0x563d91d4b4e3 <unknown>
#8 0x563d91d20d1a <unknown>
#9 0x563d91d21e75 <unknown>
#10 0x563d91fc5efd <unknown>
#11 0x563d91fdf19b <unknown>
#12 0x563d91fc7c65 <unknown>
#13 0x563d91fdfec8 <unknown>
#14 0x563d91fbb360 <unknown>
#15 0x563d91ffba68 <unknown>
#16 0x563d91ffbbe8 <unknown>
#17 0x563d920157fd <unknown>
#18 0x7f893cbc6609 <unknown>

2023-09-12 00:09:26,754 - mehdi.shojaee@vancosys.com - ERROR - Error selecting 'Security key' from dropdown: Message: 
Stacktrace:
#0 0x557ef1a16ad3 <unknown>
#1 0x557ef1776568 <unknown>
#2 0x557ef17acc46 <unknown>
#3 0x557ef17ace01 <unknown>
#4 0x557ef17dfa64 <unknown>
#5 0x557ef17ca61d <unknown>
#6 0x557ef17dd824 <unknown>
#7 0x557ef17ca4e3 <unknown>
#8 0x557ef179fd1a <unknown>
#9 0x557ef17a0e75 <unknown>
#10 0x557ef1a44efd <unknown>
#11 0x557ef1a5e19b <unknown>
#12 0x557ef1a46c65 <unknown>
#13 0x557ef1a5eec8 <unknown>
#14 0x557ef1a3a360 <unknown>
#15 0x557ef1a7aa68 <unknown>
#16 0x557ef1a7abe8 <unknown>
#17 0x557ef1a947fd <unknown>
#18 0x7f940651c609 <unknown>

2023-09-12 00:09:26,755 - mehdi.shojaee@vancosys.com - ERROR - Error registering security key for mehdi.shojaee@vancosys.com: Message: 
Stacktrace:
#0 0x557ef1a16ad3 <unknown>
#1 0x557ef1776568 <unknown>
#2 0x557ef17acc46 <unknown>
#3 0x557ef17ace01 <unknown>
#4 0x557ef17dfa64 <unknown>
#5 0x557ef17ca61d <unknown>
#6 0x557ef17dd824 <unknown>
#7 0x557ef17ca4e3 <unknown>
#8 0x557ef179fd1a <unknown>
#9 0x557ef17a0e75 <unknown>
#10 0x557ef1a44efd <unknown>
#11 0x557ef1a5e19b <unknown>
#12 0x557ef1a46c65 <unknown>
#13 0x557ef1a5eec8 <unknown>
#14 0x557ef1a3a360 <unknown>
#15 0x557ef1a7aa68 <unknown>
#16 0x557ef1a7abe8 <unknown>
#17 0x557ef1a947fd <unknown>
#18 0x7f940651c609 <unknown>

2023-09-12 00:22:08,025 - mehdi.shojaee@vancosys.com - ERROR - Error clicking 'USB device' button: Message: 
Stacktrace:
#0 0x55a18ecf8ad3 <unknown>
#1 0x55a18ea58568 <unknown>
#2 0x55a18ea8ec46 <unknown>
#3 0x55a18ea8ee01 <unknown>
#4 0x55a18eac1a64 <unknown>
#5 0x55a18eaac61d <unknown>
#6 0x55a18eabf824 <unknown>
#7 0x55a18eaac4e3 <unknown>
#8 0x55a18ea81d1a <unknown>
#9 0x55a18ea82e75 <unknown>
#10 0x55a18ed26efd <unknown>
#11 0x55a18ed4019b <unknown>
#12 0x55a18ed28c65 <unknown>
#13 0x55a18ed40ec8 <unknown>
#14 0x55a18ed1c360 <unknown>
#15 0x55a18ed5ca68 <unknown>
#16 0x55a18ed5cbe8 <unknown>
#17 0x55a18ed767fd <unknown>
#18 0x7f7d4147e609 <unknown>

2023-09-12 00:22:08,025 - mehdi.shojaee@vancosys.com - ERROR - Error registering security key for mehdi.shojaee@vancosys.com: Message: 
Stacktrace:
#0 0x55a18ecf8ad3 <unknown>
#1 0x55a18ea58568 <unknown>
#2 0x55a18ea8ec46 <unknown>
#3 0x55a18ea8ee01 <unknown>
#4 0x55a18eac1a64 <unknown>
#5 0x55a18eaac61d <unknown>
#6 0x55a18eabf824 <unknown>
#7 0x55a18eaac4e3 <unknown>
#8 0x55a18ea81d1a <unknown>
#9 0x55a18ea82e75 <unknown>
#10 0x55a18ed26efd <unknown>
#11 0x55a18ed4019b <unknown>
#12 0x55a18ed28c65 <unknown>
#13 0x55a18ed40ec8 <unknown>
#14 0x55a18ed1c360 <unknown>
#15 0x55a18ed5ca68 <unknown>
#16 0x55a18ed5cbe8 <unknown>
#17 0x55a18ed767fd <unknown>
#18 0x7f7d4147e609 <unknown>

